2021-06-02 20:24:59,715 INFO B.L.LoggingHandler [JavaFX Application Thread] Application Started
2021-06-02 20:25:00,220 INFO B.L.LoggingHandler [JavaFX Application Thread] Tour Data retrieved successfully from database -Database_Tours-
2021-06-02 20:25:00,438 INFO B.L.LoggingHandler [JavaFX Application Thread] Tour Log Data retrieved successfully from database -Database_Logs-
2021-06-02 20:25:00,438 INFO B.L.LoggingHandler [JavaFX Application Thread] MainWindowController initialized
2021-06-02 20:25:04,788 INFO B.L.LoggingHandler [JavaFX Application Thread] Tour Data retrieved successfully from database -Database_Tours-
2021-06-02 20:25:04,966 INFO B.L.LoggingHandler [JavaFX Application Thread] Retrieved specific Tour Data successfully from database -Database_Tours-
2021-06-02 20:25:05,054 INFO B.L.LoggingHandler [JavaFX Application Thread] Successfully exporting Tour Logs to TableView -Database_Report-
2021-06-02 20:25:05,110 INFO B.L.LoggingHandler [JavaFX Application Thread] Successfully exporting Tour Logs to TableView -Database_Report-
2021-06-02 20:25:05,122 INFO B.L.LoggingHandler [JavaFX Application Thread] SingleTour Report for Tour 'Tour' created successfully -PdfExportSingleTourReport-
2021-06-02 20:25:05,177 INFO B.L.LoggingHandler [JavaFX Application Thread] Retrieved specific Tour Data successfully from database -Database_Tours-
2021-06-02 20:25:05,232 INFO B.L.LoggingHandler [JavaFX Application Thread] Successfully exporting Tour Logs to TableView -Database_Report-
2021-06-02 20:25:05,284 INFO B.L.LoggingHandler [JavaFX Application Thread] Successfully exporting Tour Logs to TableView -Database_Report-
2021-06-02 20:25:05,288 INFO B.L.LoggingHandler [JavaFX Application Thread] SingleTour Report for Tour 'Test 1_COPY_2021.05.19.11.29.34' created successfully -PdfExportSingleTourReport-
2021-06-02 20:25:05,342 INFO B.L.LoggingHandler [JavaFX Application Thread] Retrieved specific Tour Data successfully from database -Database_Tours-
2021-06-02 20:25:05,401 INFO B.L.LoggingHandler [JavaFX Application Thread] Successfully exporting Tour Logs to TableView -Database_Report-
2021-06-02 20:25:05,454 INFO B.L.LoggingHandler [JavaFX Application Thread] Successfully exporting Tour Logs to TableView -Database_Report-
2021-06-02 20:25:05,458 INFO B.L.LoggingHandler [JavaFX Application Thread] SingleTour Report for Tour 'Test 1' created successfully -PdfExportSingleTourReport-
2021-06-02 20:25:05,514 INFO B.L.LoggingHandler [JavaFX Application Thread] Retrieved specific Tour Data successfully from database -Database_Tours-
2021-06-02 20:25:05,577 INFO B.L.LoggingHandler [JavaFX Application Thread] Successfully exporting Tour Logs to TableView -Database_Report-
2021-06-02 20:25:05,624 INFO B.L.LoggingHandler [JavaFX Application Thread] Successfully exporting Tour Logs to TableView -Database_Report-
2021-06-02 20:25:05,627 INFO B.L.LoggingHandler [JavaFX Application Thread] SingleTour Report for Tour 'Test 2' created successfully -PdfExportSingleTourReport-
2021-06-02 20:25:05,630 INFO B.L.LoggingHandler [JavaFX Application Thread] Tour Report for all Tours created successfully -Report-
2021-06-02 20:26:08,745 INFO B.L.LoggingHandler [JavaFX Application Thread] Application Started
2021-06-02 20:26:09,197 INFO B.L.LoggingHandler [JavaFX Application Thread] Tour Data retrieved successfully from database -Database_Tours-
2021-06-02 20:26:09,393 INFO B.L.LoggingHandler [JavaFX Application Thread] Tour Log Data retrieved successfully from database -Database_Logs-
2021-06-02 20:26:09,394 INFO B.L.LoggingHandler [JavaFX Application Thread] MainWindowController initialized
